DEBUG - 2025-04-23 23:14:12 --> Session: Class initialized using 'CodeIgniter\Session\Handlers\FileHandler' driver.
WARNING - 2025-04-23 23:14:23 --> [DEPRECATED] Function utf8_decode() is deprecated in APPPATH\Controllers\Relatorios.php on line 29.
 1 SYSTEMPATH\CodeIgniter.php(933): App\Controllers\Relatorios->index()
 2 SYSTEMPATH\CodeIgniter.php(507): CodeIgniter\CodeIgniter->runController(Object(App\Controllers\Relatorios))
 3 SYSTEMPATH\CodeIgniter.php(354): CodeIgniter\CodeIgniter->handleRequest(null, Object(Config\Cache), false)
 4 SYSTEMPATH\Boot.php(334): CodeIgniter\CodeIgniter->run()
 5 SYSTEMPATH\Boot.php(67): CodeIgniter\Boot::runCodeIgniter(Object(CodeIgniter\CodeIgniter))
 6 FCPATH\index.php(56): CodeIgniter\Boot::bootWeb(Object(Config\Paths))
 7 SYSTEMPATH\rewrite.php(44): require_once('C:\\xampp\\htdocs\\webserver\\www\\codeigniter4\\public\\index.php')
WARNING - 2025-04-23 23:14:23 --> [DEPRECATED] Function utf8_decode() is deprecated in APPPATH\Controllers\Relatorios.php on line 50.
 1 SYSTEMPATH\CodeIgniter.php(933): App\Controllers\Relatorios->index()
 2 SYSTEMPATH\CodeIgniter.php(507): CodeIgniter\CodeIgniter->runController(Object(App\Controllers\Relatorios))
 3 SYSTEMPATH\CodeIgniter.php(354): CodeIgniter\CodeIgniter->handleRequest(null, Object(Config\Cache), false)
 4 SYSTEMPATH\Boot.php(334): CodeIgniter\CodeIgniter->run()
 5 SYSTEMPATH\Boot.php(67): CodeIgniter\Boot::runCodeIgniter(Object(CodeIgniter\CodeIgniter))
 6 FCPATH\index.php(56): CodeIgniter\Boot::bootWeb(Object(Config\Paths))
 7 SYSTEMPATH\rewrite.php(44): require_once('C:\\xampp\\htdocs\\webserver\\www\\codeigniter4\\public\\index.php')
WARNING - 2025-04-23 23:14:23 --> [DEPRECATED] Function utf8_decode() is deprecated in APPPATH\Controllers\Relatorios.php on line 51.
 1 SYSTEMPATH\CodeIgniter.php(933): App\Controllers\Relatorios->index()
 2 SYSTEMPATH\CodeIgniter.php(507): CodeIgniter\CodeIgniter->runController(Object(App\Controllers\Relatorios))
 3 SYSTEMPATH\CodeIgniter.php(354): CodeIgniter\CodeIgniter->handleRequest(null, Object(Config\Cache), false)
 4 SYSTEMPATH\Boot.php(334): CodeIgniter\CodeIgniter->run()
 5 SYSTEMPATH\Boot.php(67): CodeIgniter\Boot::runCodeIgniter(Object(CodeIgniter\CodeIgniter))
 6 FCPATH\index.php(56): CodeIgniter\Boot::bootWeb(Object(Config\Paths))
 7 SYSTEMPATH\rewrite.php(44): require_once('C:\\xampp\\htdocs\\webserver\\www\\codeigniter4\\public\\index.php')
WARNING - 2025-04-23 23:14:23 --> [DEPRECATED] Function utf8_decode() is deprecated in APPPATH\Libraries\RelatorioPDF.php on line 21.
 1 APPPATH\Libraries\fpdf\fpdf.php(279): RelatorioPDF->Footer()
 2 APPPATH\Libraries\fpdf\fpdf.php(988): FPDF->Close()
 3 APPPATH\Controllers\Relatorios.php(55): FPDF->Output('I', 'RelatorioUsuarios.pdf')
 4 SYSTEMPATH\CodeIgniter.php(933): App\Controllers\Relatorios->index()
 5 SYSTEMPATH\CodeIgniter.php(507): CodeIgniter\CodeIgniter->runController(Object(App\Controllers\Relatorios))
 6 SYSTEMPATH\CodeIgniter.php(354): CodeIgniter\CodeIgniter->handleRequest(null, Object(Config\Cache), false)
 7 SYSTEMPATH\Boot.php(334): CodeIgniter\CodeIgniter->run()
 8 SYSTEMPATH\Boot.php(67): CodeIgniter\Boot::runCodeIgniter(Object(CodeIgniter\CodeIgniter))
 9 FCPATH\index.php(56): CodeIgniter\Boot::bootWeb(Object(Config\Paths))
10 SYSTEMPATH\rewrite.php(44): require_once('C:\\xampp\\htdocs\\webserver\\www\\codeigniter4\\public\\index.php')
WARNING - 2025-04-23 23:25:23 --> [DEPRECATED] Function utf8_decode() is deprecated in APPPATH\Controllers\Relatorios.php on line 76.
 1 SYSTEMPATH\CodeIgniter.php(933): App\Controllers\Relatorios->produtos()
 2 SYSTEMPATH\CodeIgniter.php(507): CodeIgniter\CodeIgniter->runController(Object(App\Controllers\Relatorios))
 3 SYSTEMPATH\CodeIgniter.php(354): CodeIgniter\CodeIgniter->handleRequest(null, Object(Config\Cache), false)
 4 SYSTEMPATH\Boot.php(334): CodeIgniter\CodeIgniter->run()
 5 SYSTEMPATH\Boot.php(67): CodeIgniter\Boot::runCodeIgniter(Object(CodeIgniter\CodeIgniter))
 6 FCPATH\index.php(56): CodeIgniter\Boot::bootWeb(Object(Config\Paths))
 7 SYSTEMPATH\rewrite.php(44): require_once('C:\\xampp\\htdocs\\webserver\\www\\codeigniter4\\public\\index.php')
CRITICAL - 2025-04-23 23:25:23 --> ErrorException: Undefined property: stdClass::$usuarios_id
[Method: GET, Route: relatorios/produtos]
in APPPATH\Controllers\Relatorios.php on line 96.
 1 APPPATH\Controllers\Relatorios.php(96): CodeIgniter\Debug\Exceptions->errorHandler(2, 'Undefined property: stdClass::$usuarios_id', 'C:\\xampp\\htdocs\\webserver\\www\\codeigniter4\\app\\Controllers\\Relatorios.php', 96)
 2 SYSTEMPATH\CodeIgniter.php(933): App\Controllers\Relatorios->produtos()
 3 SYSTEMPATH\CodeIgniter.php(507): CodeIgniter\CodeIgniter->runController(Object(App\Controllers\Relatorios))
 4 SYSTEMPATH\CodeIgniter.php(354): CodeIgniter\CodeIgniter->handleRequest(null, Object(Config\Cache), false)
 5 SYSTEMPATH\Boot.php(334): CodeIgniter\CodeIgniter->run()
 6 SYSTEMPATH\Boot.php(67): CodeIgniter\Boot::runCodeIgniter(Object(CodeIgniter\CodeIgniter))
 7 FCPATH\index.php(56): CodeIgniter\Boot::bootWeb(Object(Config\Paths))
 8 SYSTEMPATH\rewrite.php(44): require_once('C:\\xampp\\htdocs\\webserver\\www\\codeigniter4\\public\\index.php')
WARNING - 2025-04-23 23:25:51 --> [DEPRECATED] Function utf8_decode() is deprecated in APPPATH\Controllers\Relatorios.php on line 76.
 1 SYSTEMPATH\CodeIgniter.php(933): App\Controllers\Relatorios->produtos()
 2 SYSTEMPATH\CodeIgniter.php(507): CodeIgniter\CodeIgniter->runController(Object(App\Controllers\Relatorios))
 3 SYSTEMPATH\CodeIgniter.php(354): CodeIgniter\CodeIgniter->handleRequest(null, Object(Config\Cache), false)
 4 SYSTEMPATH\Boot.php(334): CodeIgniter\CodeIgniter->run()
 5 SYSTEMPATH\Boot.php(67): CodeIgniter\Boot::runCodeIgniter(Object(CodeIgniter\CodeIgniter))
 6 FCPATH\index.php(56): CodeIgniter\Boot::bootWeb(Object(Config\Paths))
 7 SYSTEMPATH\rewrite.php(44): require_once('C:\\xampp\\htdocs\\webserver\\www\\codeigniter4\\public\\index.php')
CRITICAL - 2025-04-23 23:25:51 --> ErrorException: Undefined property: stdClass::$produto_id
[Method: GET, Route: relatorios/produtos]
in APPPATH\Controllers\Relatorios.php on line 96.
 1 APPPATH\Controllers\Relatorios.php(96): CodeIgniter\Debug\Exceptions->errorHandler(2, 'Undefined property: stdClass::$produto_id', 'C:\\xampp\\htdocs\\webserver\\www\\codeigniter4\\app\\Controllers\\Relatorios.php', 96)
 2 SYSTEMPATH\CodeIgniter.php(933): App\Controllers\Relatorios->produtos()
 3 SYSTEMPATH\CodeIgniter.php(507): CodeIgniter\CodeIgniter->runController(Object(App\Controllers\Relatorios))
 4 SYSTEMPATH\CodeIgniter.php(354): CodeIgniter\CodeIgniter->handleRequest(null, Object(Config\Cache), false)
 5 SYSTEMPATH\Boot.php(334): CodeIgniter\CodeIgniter->run()
 6 SYSTEMPATH\Boot.php(67): CodeIgniter\Boot::runCodeIgniter(Object(CodeIgniter\CodeIgniter))
 7 FCPATH\index.php(56): CodeIgniter\Boot::bootWeb(Object(Config\Paths))
 8 SYSTEMPATH\rewrite.php(44): require_once('C:\\xampp\\htdocs\\webserver\\www\\codeigniter4\\public\\index.php')
WARNING - 2025-04-23 23:28:14 --> [DEPRECATED] Function utf8_decode() is deprecated in APPPATH\Controllers\Relatorios.php on line 76.
 1 SYSTEMPATH\CodeIgniter.php(933): App\Controllers\Relatorios->produtos()
 2 SYSTEMPATH\CodeIgniter.php(507): CodeIgniter\CodeIgniter->runController(Object(App\Controllers\Relatorios))
 3 SYSTEMPATH\CodeIgniter.php(354): CodeIgniter\CodeIgniter->handleRequest(null, Object(Config\Cache), false)
 4 SYSTEMPATH\Boot.php(334): CodeIgniter\CodeIgniter->run()
 5 SYSTEMPATH\Boot.php(67): CodeIgniter\Boot::runCodeIgniter(Object(CodeIgniter\CodeIgniter))
 6 FCPATH\index.php(56): CodeIgniter\Boot::bootWeb(Object(Config\Paths))
 7 SYSTEMPATH\rewrite.php(44): require_once('C:\\xampp\\htdocs\\webserver\\www\\codeigniter4\\public\\index.php')
WARNING - 2025-04-23 23:28:14 --> [DEPRECATED] Function utf8_decode() is deprecated in APPPATH\Controllers\Relatorios.php on line 97.
 1 SYSTEMPATH\CodeIgniter.php(933): App\Controllers\Relatorios->produtos()
 2 SYSTEMPATH\CodeIgniter.php(507): CodeIgniter\CodeIgniter->runController(Object(App\Controllers\Relatorios))
 3 SYSTEMPATH\CodeIgniter.php(354): CodeIgniter\CodeIgniter->handleRequest(null, Object(Config\Cache), false)
 4 SYSTEMPATH\Boot.php(334): CodeIgniter\CodeIgniter->run()
 5 SYSTEMPATH\Boot.php(67): CodeIgniter\Boot::runCodeIgniter(Object(CodeIgniter\CodeIgniter))
 6 FCPATH\index.php(56): CodeIgniter\Boot::bootWeb(Object(Config\Paths))
 7 SYSTEMPATH\rewrite.php(44): require_once('C:\\xampp\\htdocs\\webserver\\www\\codeigniter4\\public\\index.php')
WARNING - 2025-04-23 23:28:14 --> [DEPRECATED] Function utf8_decode() is deprecated in APPPATH\Controllers\Relatorios.php on line 98.
 1 SYSTEMPATH\CodeIgniter.php(933): App\Controllers\Relatorios->produtos()
 2 SYSTEMPATH\CodeIgniter.php(507): CodeIgniter\CodeIgniter->runController(Object(App\Controllers\Relatorios))
 3 SYSTEMPATH\CodeIgniter.php(354): CodeIgniter\CodeIgniter->handleRequest(null, Object(Config\Cache), false)
 4 SYSTEMPATH\Boot.php(334): CodeIgniter\CodeIgniter->run()
 5 SYSTEMPATH\Boot.php(67): CodeIgniter\Boot::runCodeIgniter(Object(CodeIgniter\CodeIgniter))
 6 FCPATH\index.php(56): CodeIgniter\Boot::bootWeb(Object(Config\Paths))
 7 SYSTEMPATH\rewrite.php(44): require_once('C:\\xampp\\htdocs\\webserver\\www\\codeigniter4\\public\\index.php')
WARNING - 2025-04-23 23:28:14 --> [DEPRECATED] Function utf8_decode() is deprecated in APPPATH\Controllers\Relatorios.php on line 97.
 1 SYSTEMPATH\CodeIgniter.php(933): App\Controllers\Relatorios->produtos()
 2 SYSTEMPATH\CodeIgniter.php(507): CodeIgniter\CodeIgniter->runController(Object(App\Controllers\Relatorios))
 3 SYSTEMPATH\CodeIgniter.php(354): CodeIgniter\CodeIgniter->handleRequest(null, Object(Config\Cache), false)
 4 SYSTEMPATH\Boot.php(334): CodeIgniter\CodeIgniter->run()
 5 SYSTEMPATH\Boot.php(67): CodeIgniter\Boot::runCodeIgniter(Object(CodeIgniter\CodeIgniter))
 6 FCPATH\index.php(56): CodeIgniter\Boot::bootWeb(Object(Config\Paths))
 7 SYSTEMPATH\rewrite.php(44): require_once('C:\\xampp\\htdocs\\webserver\\www\\codeigniter4\\public\\index.php')
WARNING - 2025-04-23 23:28:14 --> [DEPRECATED] Function utf8_decode() is deprecated in APPPATH\Controllers\Relatorios.php on line 98.
 1 SYSTEMPATH\CodeIgniter.php(933): App\Controllers\Relatorios->produtos()
 2 SYSTEMPATH\CodeIgniter.php(507): CodeIgniter\CodeIgniter->runController(Object(App\Controllers\Relatorios))
 3 SYSTEMPATH\CodeIgniter.php(354): CodeIgniter\CodeIgniter->handleRequest(null, Object(Config\Cache), false)
 4 SYSTEMPATH\Boot.php(334): CodeIgniter\CodeIgniter->run()
 5 SYSTEMPATH\Boot.php(67): CodeIgniter\Boot::runCodeIgniter(Object(CodeIgniter\CodeIgniter))
 6 FCPATH\index.php(56): CodeIgniter\Boot::bootWeb(Object(Config\Paths))
 7 SYSTEMPATH\rewrite.php(44): require_once('C:\\xampp\\htdocs\\webserver\\www\\codeigniter4\\public\\index.php')
WARNING - 2025-04-23 23:28:14 --> [DEPRECATED] Function utf8_decode() is deprecated in APPPATH\Libraries\RelatorioPDF.php on line 21.
 1 APPPATH\Libraries\fpdf\fpdf.php(279): RelatorioPDF->Footer()
 2 APPPATH\Libraries\fpdf\fpdf.php(988): FPDF->Close()
 3 APPPATH\Controllers\Relatorios.php(102): FPDF->Output('I', 'RelatorioUsuarios.pdf')
 4 SYSTEMPATH\CodeIgniter.php(933): App\Controllers\Relatorios->produtos()
 5 SYSTEMPATH\CodeIgniter.php(507): CodeIgniter\CodeIgniter->runController(Object(App\Controllers\Relatorios))
 6 SYSTEMPATH\CodeIgniter.php(354): CodeIgniter\CodeIgniter->handleRequest(null, Object(Config\Cache), false)
 7 SYSTEMPATH\Boot.php(334): CodeIgniter\CodeIgniter->run()
 8 SYSTEMPATH\Boot.php(67): CodeIgniter\Boot::runCodeIgniter(Object(CodeIgniter\CodeIgniter))
 9 FCPATH\index.php(56): CodeIgniter\Boot::bootWeb(Object(Config\Paths))
10 SYSTEMPATH\rewrite.php(44): require_once('C:\\xampp\\htdocs\\webserver\\www\\codeigniter4\\public\\index.php')
WARNING - 2025-04-23 23:28:37 --> [DEPRECATED] Function utf8_decode() is deprecated in APPPATH\Controllers\Relatorios.php on line 76.
 1 SYSTEMPATH\CodeIgniter.php(933): App\Controllers\Relatorios->produtos()
 2 SYSTEMPATH\CodeIgniter.php(507): CodeIgniter\CodeIgniter->runController(Object(App\Controllers\Relatorios))
 3 SYSTEMPATH\CodeIgniter.php(354): CodeIgniter\CodeIgniter->handleRequest(null, Object(Config\Cache), false)
 4 SYSTEMPATH\Boot.php(334): CodeIgniter\CodeIgniter->run()
 5 SYSTEMPATH\Boot.php(67): CodeIgniter\Boot::runCodeIgniter(Object(CodeIgniter\CodeIgniter))
 6 FCPATH\index.php(56): CodeIgniter\Boot::bootWeb(Object(Config\Paths))
 7 SYSTEMPATH\rewrite.php(44): require_once('C:\\xampp\\htdocs\\webserver\\www\\codeigniter4\\public\\index.php')
WARNING - 2025-04-23 23:28:37 --> [DEPRECATED] Function utf8_decode() is deprecated in APPPATH\Controllers\Relatorios.php on line 88.
 1 SYSTEMPATH\CodeIgniter.php(933): App\Controllers\Relatorios->produtos()
 2 SYSTEMPATH\CodeIgniter.php(507): CodeIgniter\CodeIgniter->runController(Object(App\Controllers\Relatorios))
 3 SYSTEMPATH\CodeIgniter.php(354): CodeIgniter\CodeIgniter->handleRequest(null, Object(Config\Cache), false)
 4 SYSTEMPATH\Boot.php(334): CodeIgniter\CodeIgniter->run()
 5 SYSTEMPATH\Boot.php(67): CodeIgniter\Boot::runCodeIgniter(Object(CodeIgniter\CodeIgniter))
 6 FCPATH\index.php(56): CodeIgniter\Boot::bootWeb(Object(Config\Paths))
 7 SYSTEMPATH\rewrite.php(44): require_once('C:\\xampp\\htdocs\\webserver\\www\\codeigniter4\\public\\index.php')
WARNING - 2025-04-23 23:28:37 --> [DEPRECATED] Function utf8_decode() is deprecated in APPPATH\Controllers\Relatorios.php on line 97.
 1 SYSTEMPATH\CodeIgniter.php(933): App\Controllers\Relatorios->produtos()
 2 SYSTEMPATH\CodeIgniter.php(507): CodeIgniter\CodeIgniter->runController(Object(App\Controllers\Relatorios))
 3 SYSTEMPATH\CodeIgniter.php(354): CodeIgniter\CodeIgniter->handleRequest(null, Object(Config\Cache), false)
 4 SYSTEMPATH\Boot.php(334): CodeIgniter\CodeIgniter->run()
 5 SYSTEMPATH\Boot.php(67): CodeIgniter\Boot::runCodeIgniter(Object(CodeIgniter\CodeIgniter))
 6 FCPATH\index.php(56): CodeIgniter\Boot::bootWeb(Object(Config\Paths))
 7 SYSTEMPATH\rewrite.php(44): require_once('C:\\xampp\\htdocs\\webserver\\www\\codeigniter4\\public\\index.php')
WARNING - 2025-04-23 23:28:37 --> [DEPRECATED] Function utf8_decode() is deprecated in APPPATH\Controllers\Relatorios.php on line 98.
 1 SYSTEMPATH\CodeIgniter.php(933): App\Controllers\Relatorios->produtos()
 2 SYSTEMPATH\CodeIgniter.php(507): CodeIgniter\CodeIgniter->runController(Object(App\Controllers\Relatorios))
 3 SYSTEMPATH\CodeIgniter.php(354): CodeIgniter\CodeIgniter->handleRequest(null, Object(Config\Cache), false)
 4 SYSTEMPATH\Boot.php(334): CodeIgniter\CodeIgniter->run()
 5 SYSTEMPATH\Boot.php(67): CodeIgniter\Boot::runCodeIgniter(Object(CodeIgniter\CodeIgniter))
 6 FCPATH\index.php(56): CodeIgniter\Boot::bootWeb(Object(Config\Paths))
 7 SYSTEMPATH\rewrite.php(44): require_once('C:\\xampp\\htdocs\\webserver\\www\\codeigniter4\\public\\index.php')
WARNING - 2025-04-23 23:28:37 --> [DEPRECATED] Function utf8_decode() is deprecated in APPPATH\Controllers\Relatorios.php on line 97.
 1 SYSTEMPATH\CodeIgniter.php(933): App\Controllers\Relatorios->produtos()
 2 SYSTEMPATH\CodeIgniter.php(507): CodeIgniter\CodeIgniter->runController(Object(App\Controllers\Relatorios))
 3 SYSTEMPATH\CodeIgniter.php(354): CodeIgniter\CodeIgniter->handleRequest(null, Object(Config\Cache), false)
 4 SYSTEMPATH\Boot.php(334): CodeIgniter\CodeIgniter->run()
 5 SYSTEMPATH\Boot.php(67): CodeIgniter\Boot::runCodeIgniter(Object(CodeIgniter\CodeIgniter))
 6 FCPATH\index.php(56): CodeIgniter\Boot::bootWeb(Object(Config\Paths))
 7 SYSTEMPATH\rewrite.php(44): require_once('C:\\xampp\\htdocs\\webserver\\www\\codeigniter4\\public\\index.php')
WARNING - 2025-04-23 23:28:37 --> [DEPRECATED] Function utf8_decode() is deprecated in APPPATH\Controllers\Relatorios.php on line 98.
 1 SYSTEMPATH\CodeIgniter.php(933): App\Controllers\Relatorios->produtos()
 2 SYSTEMPATH\CodeIgniter.php(507): CodeIgniter\CodeIgniter->runController(Object(App\Controllers\Relatorios))
 3 SYSTEMPATH\CodeIgniter.php(354): CodeIgniter\CodeIgniter->handleRequest(null, Object(Config\Cache), false)
 4 SYSTEMPATH\Boot.php(334): CodeIgniter\CodeIgniter->run()
 5 SYSTEMPATH\Boot.php(67): CodeIgniter\Boot::runCodeIgniter(Object(CodeIgniter\CodeIgniter))
 6 FCPATH\index.php(56): CodeIgniter\Boot::bootWeb(Object(Config\Paths))
 7 SYSTEMPATH\rewrite.php(44): require_once('C:\\xampp\\htdocs\\webserver\\www\\codeigniter4\\public\\index.php')
WARNING - 2025-04-23 23:28:37 --> [DEPRECATED] Function utf8_decode() is deprecated in APPPATH\Libraries\RelatorioPDF.php on line 21.
 1 APPPATH\Libraries\fpdf\fpdf.php(279): RelatorioPDF->Footer()
 2 APPPATH\Libraries\fpdf\fpdf.php(988): FPDF->Close()
 3 APPPATH\Controllers\Relatorios.php(102): FPDF->Output('I', 'RelatorioUsuarios.pdf')
 4 SYSTEMPATH\CodeIgniter.php(933): App\Controllers\Relatorios->produtos()
 5 SYSTEMPATH\CodeIgniter.php(507): CodeIgniter\CodeIgniter->runController(Object(App\Controllers\Relatorios))
 6 SYSTEMPATH\CodeIgniter.php(354): CodeIgniter\CodeIgniter->handleRequest(null, Object(Config\Cache), false)
 7 SYSTEMPATH\Boot.php(334): CodeIgniter\CodeIgniter->run()
 8 SYSTEMPATH\Boot.php(67): CodeIgniter\Boot::runCodeIgniter(Object(CodeIgniter\CodeIgniter))
 9 FCPATH\index.php(56): CodeIgniter\Boot::bootWeb(Object(Config\Paths))
10 SYSTEMPATH\rewrite.php(44): require_once('C:\\xampp\\htdocs\\webserver\\www\\codeigniter4\\public\\index.php')
